<?xml version="1.0" encoding="UTF-8"?>
<!-- Generated by org.testng.reporters.JUnitXMLReporter -->
<testsuite ignored="0" hostname="Ankitas-MacBook-Air.local" failures="0" tests="3" name="Default test" time="1.98" errors="0" timestamp="2025-10-27T17:15:55 IST">
  <testcase classname="com.bStack.Tests.CartPageTestCase" name="addOneProduct" time="0.307"/>
  <testcase classname="com.bStack.Tests.CartPageTestCase" name="addMultipleProducts" time="0.425"/>
  <testcase classname="com.bStack.Tests.CartPageTestCase" name="removeFromCart" time="0.19"/>
</testsuite> <!-- Default test -->
