<?xml version="1.0" encoding="UTF-8"?>
<!-- Generated by org.testng.reporters.JUnitXMLReporter -->
<testsuite ignored="4" hostname="Ankitas-MacBook-Air.local" failures="0" tests="10" name="Test" time="11.273" errors="0" timestamp="2025-10-27T17:26:23 IST">
  <testcase classname="com.bStack.Tests.LoginPageTestCase" name="loginWithValidCredentials" time="0.979"/>
  <testcase classname="com.bStack.Tests.LoginPageTestCase" name="getAllProductsList" time="0.806"/>
  <testcase classname="com.bStack.Tests.LoginPageTestCase" name="filters" time="0.454"/>
  <testcase classname="com.bStack.Tests.LoginPageTestCase" name="loginWithInvalidCredentials" time="0.708"/>
  <testcase classname="com.bStack.Tests.LoginPageTestCase" name="blankLogin" time="1.983"/>
  <testcase classname="com.bStack.Tests.CartPageTestCase" name="addOneProduct" time="0.525"/>
  <testcase classname="com.bStack.Tests.CartPageTestCase" name="addMultipleProducts" time="2.401"/>
  <testcase classname="com.bStack.Tests.CartPageTestCase" name="removeFromCart" time="0.186"/>
  <testcase classname="com.bStack.Tests.CheckoutTestCase" name="placeOrder" time="1.834"/>
  <testcase classname="com.bStack.Tests.CheckoutTestCase" name="negativeCheckout" time="0.559"/>
  <testcase classname="com.bStack.Tests.BaseClass" name="@BeforeSuite launchApp" time="0.0">
    <ignored/>
  </testcase> <!-- @BeforeSuite launchApp -->
  <testcase classname="com.bStack.Tests.BaseClass" name="@BeforeSuite launchApp" time="0.0">
    <ignored/>
  </testcase> <!-- @BeforeSuite launchApp -->
  <testcase classname="com.bStack.Tests.BaseClass" name="@AfterSuite closeApp" time="0.0">
    <ignored/>
  </testcase> <!-- @AfterSuite closeApp -->
  <testcase classname="com.bStack.Tests.BaseClass" name="@AfterSuite closeApp" time="0.0">
    <ignored/>
  </testcase> <!-- @AfterSuite closeApp -->
</testsuite> <!-- Test -->
