<?xml version="1.0" encoding="UTF-8"?>
<!-- Generated by org.testng.reporters.JUnitXMLReporter -->
<testsuite ignored="4" hostname="Ankitas-MacBook-Air.local" failures="0" tests="10" name="Test" time="23.599" errors="0" timestamp="2025-11-06T17:58:28 IST">
  <testcase classname="com.bStack.Tests.LoginPageTestCase" name="loginWithValidCredentials" time="2.166"/>
  <testcase classname="com.bStack.Tests.LoginPageTestCase" name="getAllProductsList" time="1.038"/>
  <testcase classname="com.bStack.Tests.LoginPageTestCase" name="filters" time="0.439"/>
  <testcase classname="com.bStack.Tests.LoginPageTestCase" name="loginWithInvalidCredentials" time="0.894"/>
  <testcase classname="com.bStack.Tests.LoginPageTestCase" name="blankLogin" time="8.575"/>
  <testcase classname="com.bStack.Tests.CartPageTestCase" name="addOneProduct" time="0.942"/>
  <testcase classname="com.bStack.Tests.CartPageTestCase" name="addMultipleProducts" time="2.457"/>
  <testcase classname="com.bStack.Tests.CartPageTestCase" name="removeFromCart" time="0.178"/>
  <testcase classname="com.bStack.Tests.CheckoutTestCase" name="placeOrder" time="5.338"/>
  <testcase classname="com.bStack.Tests.CheckoutTestCase" name="negativeCheckout" time="0.873"/>
  <testcase classname="com.bStack.Tests.BaseClass" name="@BeforeSuite launchApp" time="0.0">
    <ignored/>
  </testcase> <!-- @BeforeSuite launchApp -->
  <testcase classname="com.bStack.Tests.BaseClass" name="@BeforeSuite launchApp" time="0.0">
    <ignored/>
  </testcase> <!-- @BeforeSuite launchApp -->
  <testcase classname="com.bStack.Tests.BaseClass" name="@AfterSuite closeApp" time="0.0">
    <ignored/>
  </testcase> <!-- @AfterSuite closeApp -->
  <testcase classname="com.bStack.Tests.BaseClass" name="@AfterSuite closeApp" time="0.0">
    <ignored/>
  </testcase> <!-- @AfterSuite closeApp -->
</testsuite> <!-- Test -->
