<?xml version="1.0" encoding="UTF-8"?>
<!-- Generated by org.testng.reporters.JUnitReportReporter -->
<testsuite hostname="Ankitas-MacBook-Air.local" failures="0" tests="5" name="com.bStack.Tests.LoginPageTestCase" time="13.112" errors="0" timestamp="2025-11-06T17:58:29 IST" skipped="0">
  <testcase classname="com.bStack.Tests.LoginPageTestCase" name="loginWithValidCredentials" time="2.166"/>
  <testcase classname="com.bStack.Tests.LoginPageTestCase" name="getAllProductsList" time="1.038"/>
  <testcase classname="com.bStack.Tests.LoginPageTestCase" name="filters" time="0.439"/>
  <testcase classname="com.bStack.Tests.LoginPageTestCase" name="loginWithInvalidCredentials" time="0.894"/>
  <testcase classname="com.bStack.Tests.LoginPageTestCase" name="blankLogin" time="8.575"/>
</testsuite> <!-- com.bStack.Tests.LoginPageTestCase -->
