<?xml version="1.0" encoding="UTF-8"?>
<!-- Generated by org.testng.reporters.JUnitReportReporter -->
<testsuite hostname="Ankitas-MacBook-Air.local" failures="0" tests="3" name="com.bStack.Tests.CartPageTestCase" time="3.577" errors="0" timestamp="2025-11-06T17:58:29 IST" skipped="0">
  <testcase classname="com.bStack.Tests.CartPageTestCase" name="addOneProduct" time="0.942"/>
  <testcase classname="com.bStack.Tests.CartPageTestCase" name="addMultipleProducts" time="2.457"/>
  <testcase classname="com.bStack.Tests.CartPageTestCase" name="removeFromCart" time="0.178"/>
</testsuite> <!-- com.bStack.Tests.CartPageTestCase -->
