<?xml version="1.0" encoding="UTF-8"?>
<!-- Generated by org.testng.reporters.JUnitReportReporter -->
<testsuite hostname="Ankitas-MacBook-Air.local" failures="0" tests="2" name="com.bStack.Tests.CheckoutTestCase" time="6.211" errors="0" timestamp="2025-11-06T17:58:29 IST" skipped="0">
  <testcase classname="com.bStack.Tests.CheckoutTestCase" name="placeOrder" time="5.338"/>
  <testcase classname="com.bStack.Tests.CheckoutTestCase" name="negativeCheckout" time="0.873"/>
</testsuite> <!-- com.bStack.Tests.CheckoutTestCase -->
